<?xml version="1.0" encoding="UTF-8"?>
<testsuite xmlns:xsi="http://www.w3.org/2001/XMLSchema-instance" xsi:noNamespaceSchemaLocation="https://maven.apache.org/surefire/maven-surefire-plugin/xsd/surefire-test-report.xsd" name="runners.RegressionRunner" time="1.321" tests="76" errors="2" skipped="2" failures="2">
  <properties>
[...]
</properties>
  <testcase name="Given user is on &quot;qa-chase.com&quot;" classname="Scenario: Demo1" time="0.001"/>
  <testcase name="And user is logged in as &quot;test@gmail.com&quot; &quot;test1Pass&quot;" classname="Scenario: Demo1" time="0"/>
  <testcase name="When user click on transaction" classname="Scenario: Demo1" time="0"/>
  <testcase name="Then user should see all transaction" classname="Scenario: Demo1" time="0"/>
  <testcase name="Scenario: Demo1" classname="Scenario: Demo1" time="0.001"/>
  <testcase name="Given user is on &quot;qa-chase.com&quot;" classname="Scenario: Demo2" time="0"/>
  <testcase name="And user is logged in as &quot;test@gmail.com&quot; &quot;test1Pass&quot;" classname="Scenario: Demo2" time="0"/>
  <testcase name="And user balance is 1000" classname="Scenario: Demo2" time="0"/>
  <testcase name="When user deposits 200" classname="Scenario: Demo2" time="0"/>
  <testcase name="Then user balance should be 1200" classname="Scenario: Demo2" time="0.001"/>
  <testcase name="Scenario: Demo2" classname="Scenario: Demo2" time="0.001"/>
  <testcase name="Given user is on &quot;qa-chase.com&quot;" classname="Scenario: Demo3" time="0"/>
  <testcase name="And user is logged in as &quot;test@gmail.com&quot; &quot;test1Pass&quot;" classname="Scenario: Demo3" time="0"/>
  <testcase name="And user balance is 1000" classname="Scenario: Demo3" time="0"/>
  <testcase name="When user withdraws 200" classname="Scenario: Demo3" time="0"/>
  <testcase name="Then user balance should be 800" classname="Scenario: Demo3" time="0"/>
  <testcase name="Scenario: Demo3" classname="Scenario: Demo3" time="0.001"/>
  <testcase name="Given User with account number 123456 is registered" classname="Scenario: Money Transfer with enough balance" time="0"/>
  <testcase name="And User with account number 123456 deposited $500" classname="Scenario: Money Transfer with enough balance" time="0"/>
  <testcase name="When User with account number 123456 transfers $300" classname="Scenario: Money Transfer with enough balance" time="0"/>
  <testcase name="And User with account number 123456 transfers $200" classname="Scenario: Money Transfer with enough balance" time="0.001"/>
  <testcase name="Then User with account number 123456 should have $0 in balance" classname="Scenario: Money Transfer with enough balance" time="0"/>
  <testcase name="Scenario: Money Transfer with enough balance" classname="Scenario: Money Transfer with enough balance" time="0.001"/>
  <testcase name="Given User with account number 987654 is registered" classname="Scenario: Money Transfer with not enough balance" time="0"/>
  <testcase name="And User with account number 987654 deposited $1000" classname="Scenario: Money Transfer with not enough balance" time="0"/>
  <testcase name="When User with account number 987654 transfers $1100" classname="Scenario: Money Transfer with not enough balance" time="0"/>
  <testcase name="Then User with account number 987654 should have $1000 in balance" classname="Scenario: Money Transfer with not enough balance" time="0"/>
  <testcase name="And User should see &quot;Insufficient Funds&quot; message" classname="Scenario: Money Transfer with not enough balance" time="0"/>
  <testcase name="Scenario: Money Transfer with not enough balance" classname="Scenario: Money Transfer with not enough balance" time="0.001"/>
  <testcase name="Given User with account number 1234 is registered" classname="Scenario: Money Transfer with daily limit exceeded" time="0"/>
  <testcase name="And User with account number 1234 deposited $2000" classname="Scenario: Money Transfer with daily limit exceeded" time="0"/>
  <testcase name="When User with account number 1234 transfers $1003" classname="Scenario: Money Transfer with daily limit exceeded" time="0"/>
  <testcase name="Then User with account number 1234 should have $2000 in balance" classname="Scenario: Money Transfer with daily limit exceeded" time="0"/>
  <testcase name="And User should see &quot;Daily Limit Exceeded&quot; message" classname="Scenario: Money Transfer with daily limit exceeded" time="0"/>
  <testcase name="Scenario: Money Transfer with daily limit exceeded" classname="Scenario: Money Transfer with daily limit exceeded" time="0.001"/>
  <testcase name="Given Bank &quot;Bank Of America&quot; exists" classname="Scenario: Data Table Demo 1" time="0"/>
  <testcase name="And the following user is created" classname="Scenario: Data Table Demo 1" time="0"/>
  <testcase name="When the following transfers are made" classname="Scenario: Data Table Demo 1" time="0"/>
  <testcase name="Then the accounts should have the following balances" classname="Scenario: Data Table Demo 1" time="0"/>
  <testcase name="Scenario: Data Table Demo 1" classname="Scenario: Data Table Demo 1" time="0.001"/>
  <testcase name="Given the following account are created" classname="Scenario: Data Tables with POJOs" time="0"/>
  <testcase name="When the following trasfers are executed" classname="Scenario: Data Tables with POJOs" time="0"/>
  <testcase name="Then the accounts should have the following balance amounts" classname="Scenario: Data Tables with POJOs" time="0"/>
  <testcase name="Scenario: Data Tables with POJOs" classname="Scenario: Data Tables with POJOs" time="0"/>
  <testcase name="Given account 1234 is registered" classname="| 1234 | 500 | 0001 | 100 |" time="0"/>
  <testcase name="When account 1234 sends 500 to 0001" classname="| 1234 | 500 | 0001 | 100 |" time="0"/>
  <testcase name="Then account 1234 balance 100 should be" classname="| 1234 | 500 | 0001 | 100 |" time="0"/>
  <testcase name="| 1234 | 500 | 0001 | 100 |" classname="| 1234 | 500 | 0001 | 100 |" time="0.001"/>
  <testcase name="Given account 1111 is registered" classname="| 1111 | 1000 | 0005 | 2000 |" time="0"/>
  <testcase name="When account 1111 sends 1000 to 0005" classname="| 1111 | 1000 | 0005 | 2000 |" time="0"/>
  <testcase name="Then account 1111 balance 2000 should be" classname="| 1111 | 1000 | 0005 | 2000 |" time="0"/>
  <testcase name="| 1111 | 1000 | 0005 | 2000 |" classname="| 1111 | 1000 | 0005 | 2000 |" time="0"/>
  <testcase name="Given account 8888 is registered" classname="| 8888 | 200 | 1234 | 5000 |" time="0"/>
  <testcase name="When account 8888 sends 200 to 1234" classname="| 8888 | 200 | 1234 | 5000 |" time="0"/>
  <testcase name="Then account 8888 balance 5000 should be" classname="| 8888 | 200 | 1234 | 5000 |" time="0"/>
  <testcase name="| 8888 | 200 | 1234 | 5000 |" classname="| 8888 | 200 | 1234 | 5000 |" time="0"/>
  <testcase name="Given Bank &quot;Bank Of America&quot; exists" classname="Scenario: Transfer money from account A to account B positive" time="0"/>
  <testcase name="And User with account number 123456 and email &quot;testAccount@gmail.com&quot; and a balance of $1000 is registered in &quot;Bank Of America&quot;" classname="Scenario: Transfer money from account A to account B positive" time="0"/>
  <testcase name="And User with account number 11111 and email &quot;test2@gmail.com&quot; and a balance of $2000 is registered in &quot;Bank Of America&quot;" classname="Scenario: Transfer money from account A to account B positive" time="0"/>
  <testcase name="When User with account number 11111 transfers $100 to account with email &quot;testAccount@gmail.com&quot; in &quot;Bank Of America&quot;" classname="Scenario: Transfer money from account A to account B positive" time="0"/>
  <testcase name="Then User with account number 11111 should have $1900 in balance" classname="Scenario: Transfer money from account A to account B positive" time="0.007">
    <failure type="java.lang.AssertionError">java.lang.AssertionError
</failure>
    <system-out><![CDATA[11111 balance: $ 1900
]]></system-out>
  </testcase>
  <testcase name="Scenario: Transfer money from account A to account B positive" classname="Scenario: Transfer money from account A to account B positive" time="0.007">
    <failure type="java.lang.AssertionError">java.lang.AssertionError
</failure>
  </testcase>
  <testcase name="And User with account number 123456 should have $1100 in balance" classname="Scenario: Transfer money from account A to account B positive" time="0">
    <skipped/>
  </testcase>
  <testcase name="Given Bank &quot;Bank Of America&quot; exists" classname="Scenario: Transfer money to unregistered account" time="0"/>
  <testcase name="And User with account number 123456 and email &quot;testAccount@gmail.com&quot; and a balance of $1000 is registered in &quot;Bank Of America&quot;" classname="Scenario: Transfer money to unregistered account" time="0"/>
  <testcase name="When User with account number 123456 transfers $500 to account with email &quot;invalid@gmail.com&quot; in &quot;Bank Of America&quot;" classname="Scenario: Transfer money to unregistered account" time="0">
    <error type="java.lang.NullPointerException">java.lang.NullPointerException
</error>
    <system-out><![CDATA[Transfer to invalid@gmail.com amount: $ 500
]]></system-out>
  </testcase>
  <testcase name="Scenario: Transfer money to unregistered account" classname="Scenario: Transfer money to unregistered account" time="0">
    <error type="java.lang.NullPointerException">java.lang.NullPointerException
</error>
  </testcase>
  <testcase name="Then User with account number 123456 should have $1000 in balance" classname="Scenario: Transfer money to unregistered account" time="0">
    <skipped/>
  </testcase>
  <testcase name="And User is moving cursor to search box" classname="Scenario: we give a scenario name" time="0"/>
  <testcase name="When User enters spoon in search box" classname="Scenario: we give a scenario name" time="0.001"/>
  <testcase name="Then User should see only spoons in the result" classname="Scenario: we give a scenario name" time="0"/>
  <testcase name="Scenario: we give a scenario name" classname="Scenario: we give a scenario name" time="0"/>
  <testcase name="Given Cucumber user set dry run to true" classname="Scenario: Dry Run Test" time="0"/>
  <testcase name="When Cucumber user runs the cucumber runner class" classname="Scenario: Dry Run Test" time="0"/>
  <testcase name="Then Cucumber user should see step implemention snippets for missing step defs in console" classname="Scenario: Dry Run Test" time="0"/>
  <testcase name="Scenario: Dry Run Test" classname="Scenario: Dry Run Test" time="0"/>
</testsuite>